# JRE version: OpenJDK Runtime Environment Temurin-17.0.7+7 (17.0.7+7) (build 17.0.7+7)
# Java VM: OpenJDK 64-Bit Server VM Temurin-17.0.7+7 (17.0.7+7, mixed mode, sharing, tiered, compressed oops, compressed class ptrs, g1 gc, windows-amd64)
GC Precious Log:
 CPUs: 32 total, 32 available
 Memory: 65275M
 Large Page Support: Disabled
 NUMA Support: Disabled
 Compressed Oops: Enabled (Zero based)
 Heap Region Size: 2M
 Heap Min Capacity: 512M
 Heap Initial Capacity: 512M
 Heap Max Capacity: 4072M
 Pre-touch: Disabled
 Parallel Workers: 23
 Concurrent Workers: 6
 Concurrent Refinement Workers: 23
 Periodic GC: Disabled
 String Deduplication is enabled
Heap:
 garbage-first heap   total 524288K, used 98067K [0x0000000701800000, 0x0000000800000000)
  region size 2048K, 4 young (8192K), 1 survivors (2048K)
 Metaspace       used 88521K, committed 89216K, reserved 1179648K
  class space    used 12314K, committed 12800K, reserved 1048576K
GC Heap History (20 events):
Event: 5357.176 GC heap before
{Heap before GC invocations=133 (full 6):
 garbage-first heap   total 524288K, used 173961K [0x0000000701800000, 0x0000000800000000)
  region size 2048K, 40 young (81920K), 1 survivors (2048K)
 Metaspace       used 88476K, committed 89152K, reserved 1179648K
  class space    used 12313K, committed 12800K, reserved 1048576K
}
Event: 5357.181 GC heap after
{Heap after GC invocations=134 (full 6):
 garbage-first heap   total 524288K, used 94198K [0x0000000701800000, 0x0000000800000000)
  region size 2048K, 2 young (4096K), 2 survivors (4096K)
 Metaspace       used 88476K, committed 89152K, reserved 1179648K
  class space    used 12313K, committed 12800K, reserved 1048576K
}
Event: 5387.238 GC heap before
{Heap before GC invocations=134 (full 6):
 garbage-first heap   total 524288K, used 172022K [0x0000000701800000, 0x0000000800000000)
  region size 2048K, 40 young (81920K), 2 survivors (4096K)
 Metaspace       used 88508K, committed 89216K, reserved 1179648K
  class space    used 12313K, committed 12800K, reserved 1048576K
}
Event: 5387.252 GC heap after
{Heap after GC invocations=135 (full 6):
 garbage-first heap   total 524288K, used 93722K [0x0000000701800000, 0x0000000800000000)
  region size 2048K, 1 young (2048K), 1 survivors (2048K)
 Metaspace       used 88508K, committed 89216K, reserved 1179648K
  class space    used 12313K, committed 12800K, reserved 1048576K
}
Event: 5414.535 GC heap before
{Heap before GC invocations=135 (full 6):
 garbage-first heap   total 524288K, used 173594K [0x0000000701800000, 0x0000000800000000)
  region size 2048K, 40 young (81920K), 1 survivors (2048K)
 Metaspace       used 88514K, committed 89216K, reserved 1179648K
  class space    used 12313K, committed 12800K, reserved 1048576K
}
Event: 5414.539 GC heap after
{Heap after GC invocations=136 (full 6):
 garbage-first heap   total 524288K, used 93699K [0x0000000701800000, 0x0000000800000000)
  region size 2048K, 1 young (2048K), 1 survivors (2048K)
 Metaspace       used 88514K, committed 89216K, reserved 1179648K
  class space    used 12313K, committed 12800K, reserved 1048576K
}
Event: 5423.430 GC heap before
{Heap before GC invocations=136 (full 6):
 garbage-first heap   total 524288K, used 173571K [0x0000000701800000, 0x0000000800000000)
  region size 2048K, 40 young (81920K), 1 survivors (2048K)
 Metaspace       used 88519K, committed 89216K, reserved 1179648K
  class space    used 12314K, committed 12800K, reserved 1048576K
}
Event: 5423.435 GC heap after
{Heap after GC invocations=137 (full 6):
 garbage-first heap   total 524288K, used 94177K [0x0000000701800000, 0x0000000800000000)
  region size 2048K, 1 young (2048K), 1 survivors (2048K)
 Metaspace       used 88519K, committed 89216K, reserved 1179648K
  class space    used 12314K, committed 12800K, reserved 1048576K
}
Event: 5429.408 GC heap before
{Heap before GC invocations=137 (full 6):
 garbage-first heap   total 524288K, used 174049K [0x0000000701800000, 0x0000000800000000)
  region size 2048K, 40 young (81920K), 1 survivors (2048K)
 Metaspace       used 88519K, committed 89216K, reserved 1179648K
  class space    used 12314K, committed 12800K, reserved 1048576K
}
Event: 5429.410 GC heap after
{Heap after GC invocations=138 (full 6):
 garbage-first heap   total 524288K, used 94102K [0x0000000701800000, 0x0000000800000000)
  region size 2048K, 1 young (2048K), 1 survivors (2048K)
 Metaspace       used 88519K, committed 89216K, reserved 1179648K
  class space    used 12314K, committed 12800K, reserved 1048576K
}
Event: 5432.382 GC heap before
{Heap before GC invocations=138 (full 6):
 garbage-first heap   total 524288K, used 173974K [0x0000000701800000, 0x0000000800000000)
  region size 2048K, 40 young (81920K), 1 survivors (2048K)
 Metaspace       used 88519K, committed 89216K, reserved 1179648K
  class space    used 12314K, committed 12800K, reserved 1048576K
}
Event: 5432.391 GC heap after
{Heap after GC invocations=139 (full 6):
 garbage-first heap   total 524288K, used 93798K [0x0000000701800000, 0x0000000800000000)
  region size 2048K, 1 young (2048K), 1 survivors (2048K)
 Metaspace       used 88519K, committed 89216K, reserved 1179648K
  class space    used 12314K, committed 12800K, reserved 1048576K
}
Event: 5438.385 GC heap before
{Heap before GC invocations=139 (full 6):
 garbage-first heap   total 524288K, used 173670K [0x0000000701800000, 0x0000000800000000)
  region size 2048K, 40 young (81920K), 1 survivors (2048K)
 Metaspace       used 88520K, committed 89216K, reserved 1179648K
  class space    used 12314K, committed 12800K, reserved 1048576K
}
Event: 5438.394 GC heap after
{Heap after GC invocations=140 (full 6):
 garbage-first heap   total 524288K, used 94321K [0x0000000701800000, 0x0000000800000000)
  region size 2048K, 1 young (2048K), 1 survivors (2048K)
 Metaspace       used 88520K, committed 89216K, reserved 1179648K
  class space    used 12314K, committed 12800K, reserved 1048576K
}
Event: 5441.399 GC heap before
{Heap before GC invocations=140 (full 6):
 garbage-first heap   total 524288K, used 174193K [0x0000000701800000, 0x0000000800000000)
  region size 2048K, 40 young (81920K), 1 survivors (2048K)
 Metaspace       used 88520K, committed 89216K, reserved 1179648K
  class space    used 12314K, committed 12800K, reserved 1048576K
}
Event: 5441.404 GC heap after
{Heap after GC invocations=141 (full 6):
 garbage-first heap   total 524288K, used 94376K [0x0000000701800000, 0x0000000800000000)
  region size 2048K, 1 young (2048K), 1 survivors (2048K)
 Metaspace       used 88520K, committed 89216K, reserved 1179648K
  class space    used 12314K, committed 12800K, reserved 1048576K
}
Event: 5445.313 GC heap before
{Heap before GC invocations=141 (full 6):
 garbage-first heap   total 524288K, used 174248K [0x0000000701800000, 0x0000000800000000)
  region size 2048K, 40 young (81920K), 1 survivors (2048K)
 Metaspace       used 88520K, committed 89216K, reserved 1179648K
  class space    used 12314K, committed 12800K, reserved 1048576K
}
Event: 5445.322 GC heap after
{Heap after GC invocations=142 (full 6):
 garbage-first heap   total 524288K, used 93982K [0x0000000701800000, 0x0000000800000000)
  region size 2048K, 1 young (2048K), 1 survivors (2048K)
 Metaspace       used 88520K, committed 89216K, reserved 1179648K
  class space    used 12314K, committed 12800K, reserved 1048576K
}
Event: 5451.395 GC heap before
{Heap before GC invocations=142 (full 6):
 garbage-first heap   total 524288K, used 173854K [0x0000000701800000, 0x0000000800000000)
  region size 2048K, 40 young (81920K), 1 survivors (2048K)
 Metaspace       used 88521K, committed 89216K, reserved 1179648K
  class space    used 12314K, committed 12800K, reserved 1048576K
}
Event: 5451.407 GC heap after
{Heap after GC invocations=143 (full 6):
 garbage-first heap   total 524288K, used 93971K [0x0000000701800000, 0x0000000800000000)
  region size 2048K, 1 young (2048K), 1 survivors (2048K)
 Metaspace       used 88521K, committed 89216K, reserved 1179648K
  class space    used 12314K, committed 12800K, reserved 1048576K
}

